

HI-TECH Software PIC LITE Macro Assembler V9.70 build 5239 
                                                                                               Wed Oct 05 00:51:26 2016

HI-TECH Software Omniscient Code Generator (Lite mode) build 5239
     1  0000                     opt subtitle "HI-TECH Software Omniscient Code Generator (Lite mode) build 5239"
     2                           
     3                           opt pagewidth 120
     4                           
     5                           	opt lm
     6                           
     7                           	processor	16F877A
     8                           clrc	macro
     9                           	bcf	3,0
    10  0000                     	endm
    11                           clrz	macro
    12                           	bcf	3,2
    13  0000                     	endm
    14                           setc	macro
    15                           	bsf	3,0
    16  0000                     	endm
    17                           setz	macro
    18                           	bsf	3,2
    19  0000                     	endm
    20                           skipc	macro
    21                           	btfss	3,0
    22  0000                     	endm
    23                           skipz	macro
    24                           	btfss	3,2
    25  0000                     	endm
    26                           skipnc	macro
    27                           	btfsc	3,0
    28  0000                     	endm
    29                           skipnz	macro
    30                           	btfsc	3,2
    31  0000                     	endm
    32  0000                     indf	equ	0
    33  0000                     indf0	equ	0
    34  0002                     pc	equ	2
    35  0002                     pcl	equ	2
    36  0003                     status	equ	3
    37  0004                     fsr	equ	4
    38  0004                     fsr0	equ	4
    39  0001                     c	equ	1
    40  0000                     z	equ	0
    41  000A                     pclath	equ	10
    42                           ;COMMON:	_main->__delay_ms
    43                           	FNCALL	_main,__delay_ms
    44                           	FNROOT	_main
    45                           	global	_ADCON0
    46                           psect	text6,local,class=CODE,delta=2
    47                           global __ptext6
    48  0003                     __ptext6:
    49  001F                     _ADCON0  equ     31
    50                           	global	_ADRESH
    51  001E                     _ADRESH  equ     30
    52                           	global	_CCP1CON
    53  0017                     _CCP1CON  equ     23
    54                           	global	_CCP2CON
    55  001D                     _CCP2CON  equ     29
    56                           	global	_CCPR1H
    57  0016                     _CCPR1H  equ     22
    58                           	global	_CCPR1L
    59  0015                     _CCPR1L  equ     21
    60                           	global	_CCPR2H
    61  001C                     _CCPR2H  equ     28
    62                           	global	_CCPR2L
    63  001B                     _CCPR2L  equ     27
    64                           	global	_FSR
    65  0004                     _FSR  equ     4
    66                           	global	_INDF
    67  0000                     _INDF  equ     0
    68                           	global	_INTCON
    69  000B                     _INTCON  equ     11
    70                           	global	_PCL
    71  0002                     _PCL  equ     2
    72                           	global	_PCLATH
    73  000A                     _PCLATH  equ     10
    74                           	global	_PIR1
    75  000C                     _PIR1  equ     12
    76                           	global	_PIR2
    77  000D                     _PIR2  equ     13
    78                           	global	_PORTA
    79  0005                     _PORTA  equ     5
    80                           	global	_PORTB
    81  0006                     _PORTB  equ     6
    82                           	global	_PORTC
    83  0007                     _PORTC  equ     7
    84                           	global	_PORTD
    85  0008                     _PORTD  equ     8
    86                           	global	_PORTE
    87  0009                     _PORTE  equ     9
    88                           	global	_RCREG
    89  001A                     _RCREG  equ     26
    90                           	global	_RCSTA
    91  0018                     _RCSTA  equ     24
    92                           	global	_SSPBUF
    93  0013                     _SSPBUF  equ     19
    94                           	global	_SSPCON
    95  0014                     _SSPCON  equ     20
    96                           	global	_STATUS
    97  0003                     _STATUS  equ     3
    98                           	global	_T1CON
    99  0010                     _T1CON  equ     16
   100                           	global	_T2CON
   101  0012                     _T2CON  equ     18
   102                           	global	_TMR0
   103  0001                     _TMR0  equ     1
   104                           	global	_TMR1H
   105  000F                     _TMR1H  equ     15
   106                           	global	_TMR1L
   107  000E                     _TMR1L  equ     14
   108                           	global	_TMR2
   109  0011                     _TMR2  equ     17
   110                           	global	_TXREG
   111  0019                     _TXREG  equ     25
   112                           	global	_ADCS0
   113  00FE                     _ADCS0  equ     254
   114                           	global	_ADCS1
   115  00FF                     _ADCS1  equ     255
   116                           	global	_ADDEN
   117  00C3                     _ADDEN  equ     195
   118                           	global	_ADGO
   119  00FA                     _ADGO  equ     250
   120                           	global	_ADIF
   121  0066                     _ADIF  equ     102
   122                           	global	_ADON
   123  00F8                     _ADON  equ     248
   124                           	global	_BCLIF
   125  006B                     _BCLIF  equ     107
   126                           	global	_CARRY
   127  0018                     _CARRY  equ     24
   128                           	global	_CCP1IF
   129  0062                     _CCP1IF  equ     98
   130                           	global	_CCP1M0
   131  00B8                     _CCP1M0  equ     184
   132                           	global	_CCP1M1
   133  00B9                     _CCP1M1  equ     185
   134                           	global	_CCP1M2
   135  00BA                     _CCP1M2  equ     186
   136                           	global	_CCP1M3
   137  00BB                     _CCP1M3  equ     187
   138                           	global	_CCP1X
   139  00BD                     _CCP1X  equ     189
   140                           	global	_CCP1Y
   141  00BC                     _CCP1Y  equ     188
   142                           	global	_CCP2IF
   143  0068                     _CCP2IF  equ     104
   144                           	global	_CCP2M0
   145  00E8                     _CCP2M0  equ     232
   146                           	global	_CCP2M1
   147  00E9                     _CCP2M1  equ     233
   148                           	global	_CCP2M2
   149  00EA                     _CCP2M2  equ     234
   150                           	global	_CCP2M3
   151  00EB                     _CCP2M3  equ     235
   152                           	global	_CCP2X
   153  00ED                     _CCP2X  equ     237
   154                           	global	_CCP2Y
   155  00EC                     _CCP2Y  equ     236
   156                           	global	_CHS0
   157  00FB                     _CHS0  equ     251
   158                           	global	_CHS1
   159  00FC                     _CHS1  equ     252
   160                           	global	_CHS2
   161  00FD                     _CHS2  equ     253
   162                           	global	_CKP
   163  00A4                     _CKP  equ     164
   164                           	global	_CMIF
   165  006E                     _CMIF  equ     110
   166                           	global	_CREN
   167  00C4                     _CREN  equ     196
   168                           	global	_DC
   169  0019                     _DC  equ     25
   170                           	global	_EEIF
   171  006C                     _EEIF  equ     108
   172                           	global	_FERR
   173  00C2                     _FERR  equ     194
   174                           	global	_GIE
   175  005F                     _GIE  equ     95
   176                           	global	_GODONE
   177  00FA                     _GODONE  equ     250
   178                           	global	_INTE
   179  005C                     _INTE  equ     92
   180                           	global	_INTF
   181  0059                     _INTF  equ     89
   182                           	global	_IRP
   183  001F                     _IRP  equ     31
   184                           	global	_OERR
   185  00C1                     _OERR  equ     193
   186                           	global	_PD
   187  001B                     _PD  equ     27
   188                           	global	_PEIE
   189  005E                     _PEIE  equ     94
   190                           	global	_PSPIF
   191  0067                     _PSPIF  equ     103
   192                           	global	_RA0
   193  0028                     _RA0  equ     40
   194                           	global	_RA1
   195  0029                     _RA1  equ     41
   196                           	global	_RA2
   197  002A                     _RA2  equ     42
   198                           	global	_RA3
   199  002B                     _RA3  equ     43
   200                           	global	_RA4
   201  002C                     _RA4  equ     44
   202                           	global	_RA5
   203  002D                     _RA5  equ     45
   204                           	global	_RB0
   205  0030                     _RB0  equ     48
   206                           	global	_RB1
   207  0031                     _RB1  equ     49
   208+                          	global	_RB2
   209+ 0032                     _RB2  equ     50
   210                           	global	_RB3
   211  0033                     _RB3  equ     51
   212+                          	global	_RB4
   213+ 0034                     _RB4  equ     52
   214+                          	global	_RB5
   215+ 0035                     _RB5  equ     53
   216+                          	global	_RB6
   217+ 0036                     _RB6  equ     54
   218+                          	global	_RB7
   219+ 0037                     _RB7  equ     55
   220+                          	global	_RBIE
   221+ 005B                     _RBIE  equ     91
   222                           	global	_RBIF
   223  0058                     _RBIF  equ     88
   224                           	global	_RC0
   225  0038                     _RC0  equ     56
   226+                          	global	_RC1
   227+ 0039                     _RC1  equ     57
   228+                          	global	_RC2
   229+ 003A                     _RC2  equ     58
   230                           	global	_RC3
   231  003B                     _RC3  equ     59
   232+                          	global	_RC4
   233+ 003C                     _RC4  equ     60
   234                           	global	_RC5
   235  003D                     _RC5  equ     61
   236+                          	global	_RC6
   237+ 003E                     _RC6  equ     62
   238                           	global	_RC7
   239  003F                     _RC7  equ     63
   240+                          	global	_RCIF
   241+ 0065                     _RCIF  equ     101
   242+                          	global	_RD0
   243+ 0040                     _RD0  equ     64
   244+                          	global	_RD1
   245+ 0041                     _RD1  equ     65
   246+                          	global	_RD2
   247+ 0042                     _RD2  equ     66
   248+                          	global	_RD3
   249+ 0043                     _RD3  equ     67
   250                           	global	_RD4
   251  0044                     _RD4  equ     68
   252                           	global	_RD5
   253  0045                     _RD5  equ     69
   254+                          	global	_RD6
   255+ 0046                     _RD6  equ     70
   256+                          	global	_RD7
   257+ 0047                     _RD7  equ     71
   258                           	global	_RE0
   259  0048                     _RE0  equ     72
   260+                          	global	_RE1
   261+ 0049                     _RE1  equ     73
   262                           	global	_RE2
   263  004A                     _RE2  equ     74
   264+                          	global	_RP0
   265+ 001D                     _RP0  equ     29
   266                           	global	_RP1
   267  001E                     _RP1  equ     30
   268+                          	global	_RX9
   269+ 00C6                     _RX9  equ     198
   270+                          	global	_RX9D
   271+ 00C0                     _RX9D  equ     192
   272+                          	global	_SPEN
   273+ 00C7                     _SPEN  equ     199
   274+                          	global	_SREN
   275+ 00C5                     _SREN  equ     197
   276+                          	global	_SSPEN
   277+ 00A5                     _SSPEN  equ     165
   278                           	global	_SSPIF
   279  0063                     _SSPIF  equ     99
   280                           	global	_SSPM0
   281  00A0                     _SSPM0  equ     160
   282+                          	global	_SSPM1
   283+ 00A1                     _SSPM1  equ     161
   284+                          	global	_SSPM2
   285+ 00A2                     _SSPM2  equ     162
   286                           	global	_SSPM3
   287  00A3                     _SSPM3  equ     163
   288+                          	global	_SSPOV
   289+ 00A6                     _SSPOV  equ     166
   290                           	global	_T0IE
   291  005D                     _T0IE  equ     93
   292+                          	global	_T0IF
   293+ 005A                     _T0IF  equ     90
   294                           	global	_T1CKPS0
   295  0084                     _T1CKPS0  equ     132
   296+                          	global	_T1CKPS1
   297+ 0085                     _T1CKPS1  equ     133
   298+                          	global	_T1OSCEN
   299+ 0083                     _T1OSCEN  equ     131
   300+                          	global	_T1SYNC
   301+ 0082                     _T1SYNC  equ     130
   302+                          	global	_T2CKPS0
   303+ 0090                     _T2CKPS0  equ     144
   304+                          	global	_T2CKPS1
   305+ 0091                     _T2CKPS1  equ     145
   306                           	global	_TMR0IE
   307  005D                     _TMR0IE  equ     93
   308                           	global	_TMR0IF
   309  005A                     _TMR0IF  equ     90
   310+                          	global	_TMR1CS
   311+ 0081                     _TMR1CS  equ     129
   312+                          	global	_TMR1IF
   313+ 0060                     _TMR1IF  equ     96
   314                           	global	_TMR1ON
   315  0080                     _TMR1ON  equ     128
   316+                          	global	_TMR2IF
   317+ 0061                     _TMR2IF  equ     97
   318                           	global	_TMR2ON
   319  0092                     _TMR2ON  equ     146
   320+                          	global	_TO
   321+ 001C                     _TO  equ     28
   322                           	global	_TOUTPS0
   323  0093                     _TOUTPS0  equ     147
   324+                          	global	_TOUTPS1
   325+ 0094                     _TOUTPS1  equ     148
   326+                          	global	_TOUTPS2
   327+ 0095                     _TOUTPS2  equ     149
   328+                          	global	_TOUTPS3
   329+ 0096                     _TOUTPS3  equ     150
   330+                          	global	_TXIF
   331+ 0064                     _TXIF  equ     100
   332+                          	global	_WCOL
   333+ 00A7                     _WCOL  equ     167
   334                           	global	_ZERO
   335  001A                     _ZERO  equ     26
   336                           	global	_ADCON1
   337  009F                     _ADCON1  equ     159
   338+                          	global	_ADRESL
   339+ 009E                     _ADRESL  equ     158
   340+                          	global	_CMCON
   341+ 009C                     _CMCON  equ     156
   342+                          	global	_CVRCON
   343+ 009D                     _CVRCON  equ     157
   344+                          	global	_OPTION
   345+ 0081                     _OPTION  equ     129
   346                           	global	_PCON
   347  008E                     _PCON  equ     142
   348+                          	global	_PIE1
   349+ 008C                     _PIE1  equ     140
   350                           	global	_PIE2
   351  008D                     _PIE2  equ     141
   352+                          	global	_PR2
   353+ 0092                     _PR2  equ     146
   354+                          	global	_SPBRG
   355+ 0099                     _SPBRG  equ     153
   356+                          	global	_SSPADD
   357+ 0093                     _SSPADD  equ     147
   358+                          	global	_SSPCON2
   359+ 0091                     _SSPCON2  equ     145
   360+                          	global	_SSPSTAT
   361+ 0094                     _SSPSTAT  equ     148
   362                           	global	_TRISA
   363  0085                     _TRISA  equ     133
   364                           	global	_TRISB
   365  0086                     _TRISB  equ     134
   366+                          	global	_TRISC
   367+ 0087                     _TRISC  equ     135
   368+                          	global	_TRISD
   369+ 0088                     _TRISD  equ     136
   370+                          	global	_TRISE
   371+ 0089                     _TRISE  equ     137
   372+                          	global	_TXSTA
   373+ 0098                     _TXSTA  equ     152
   374                           	global	_ACKDT
   375  048D                     _ACKDT  equ     1165
   376+                          	global	_ACKEN
   377+ 048C                     _ACKEN  equ     1164
   378                           	global	_ACKSTAT
   379  048E                     _ACKSTAT  equ     1166
   380+                          	global	_ADCS2
   381+ 04FE                     _ADCS2  equ     1278
   382+                          	global	_ADFM
   383+ 04FF                     _ADFM  equ     1279
   384+                          	global	_ADIE
   385+ 0466                     _ADIE  equ     1126
   386+                          	global	_BCLIE
   387+ 046B                     _BCLIE  equ     1131
   388+                          	global	_BF
   389+ 04A0                     _BF  equ     1184
   390                           	global	_BOR
   391  0470                     _BOR  equ     1136
   392+                          	global	_BRGH
   393+ 04C2                     _BRGH  equ     1218
   394+                          	global	_C1INV
   395+ 04E4                     _C1INV  equ     1252
   396+                          	global	_C1OUT
   397+ 04E6                     _C1OUT  equ     1254
   398+                          	global	_C2INV
   399+ 04E5                     _C2INV  equ     1253
   400+                          	global	_C2OUT
   401+ 04E7                     _C2OUT  equ     1255
   402                           	global	_CCP1IE
   403  0462                     _CCP1IE  equ     1122
   404+                          	global	_CCP2IE
   405+ 0468                     _CCP2IE  equ     1128
   406                           	global	_CIS
   407  04E3                     _CIS  equ     1251
   408                           	global	_CKE
   409  04A6                     _CKE  equ     1190
   410                           	global	_CM0
   411  04E0                     _CM0  equ     1248
   412                           	global	_CM1
   413  04E1                     _CM1  equ     1249
   414                           	global	_CM2
   415  04E2                     _CM2  equ     1250
   416                           	global	_CMIE
   417  046E                     _CMIE  equ     1134
   418                           	global	_CSRC
   419  04C7                     _CSRC  equ     1223
   420                           	global	_CVR0
   421  04E8                     _CVR0  equ     1256
   422                           	global	_CVR1
   423  04E9                     _CVR1  equ     1257
   424                           	global	_CVR2
   425  04EA                     _CVR2  equ     1258
   426                           	global	_CVR3
   427  04EB                     _CVR3  equ     1259
   428                           	global	_CVREN
   429  04EF                     _CVREN  equ     1263
   430                           	global	_CVROE
   431  04EE                     _CVROE  equ     1262
   432                           	global	_CVRR
   433  04ED                     _CVRR  equ     1261
   434                           	global	_DA
   435  04A5                     _DA  equ     1189
   436                           	global	_EEIE
   437  046C                     _EEIE  equ     1132
   438                           	global	_GCEN
   439  048F                     _GCEN  equ     1167
   440                           	global	_IBF
   441  044F                     _IBF  equ     1103
   442                           	global	_IBOV
   443  044D                     _IBOV  equ     1101
   444                           	global	_INTEDG
   445  040E                     _INTEDG  equ     1038
   446                           	global	_OBF
   447  044E                     _OBF  equ     1102
   448                           	global	_PCFG0
   449  04F8                     _PCFG0  equ     1272
   450                           	global	_PCFG1
   451  04F9                     _PCFG1  equ     1273
   452                           	global	_PCFG2
   453  04FA                     _PCFG2  equ     1274
   454                           	global	_PCFG3
   455  04FB                     _PCFG3  equ     1275
   456                           	global	_PEN
   457  048A                     _PEN  equ     1162
   458                           	global	_POR
   459  0471                     _POR  equ     1137
   460                           	global	_PS0
   461  0408                     _PS0  equ     1032
   462                           	global	_PS1
   463  0409                     _PS1  equ     1033
   464                           	global	_PS2
   465  040A                     _PS2  equ     1034
   466                           	global	_PSA
   467  040B                     _PSA  equ     1035
   468                           	global	_PSPIE
   469  0467                     _PSPIE  equ     1127
   470                           	global	_PSPMODE
   471  044C                     _PSPMODE  equ     1100
   472                           	global	_RBPU
   473  040F                     _RBPU  equ     1039
   474                           	global	_RCEN
   475  048B                     _RCEN  equ     1163
   476                           	global	_RCIE
   477  0465                     _RCIE  equ     1125
   478                           	global	_RSEN
   479  0489                     _RSEN  equ     1161
   480                           	global	_RW
   481  04A2                     _RW  equ     1186
   482                           	global	_SEN
   483  0488                     _SEN  equ     1160
   484                           	global	_SMP
   485  04A7                     _SMP  equ     1191
   486                           	global	_SSPIE
   487  0463                     _SSPIE  equ     1123
   488                           	global	_START
   489  04A3                     _START  equ     1187
   490                           	global	_STOP
   491  04A4                     _STOP  equ     1188
   492                           	global	_SYNC
   493  04C4                     _SYNC  equ     1220
   494                           	global	_T0CS
   495  040D                     _T0CS  equ     1037
   496                           	global	_T0SE
   497  040C                     _T0SE  equ     1036
   498                           	global	_TMR1IE
   499  0460                     _TMR1IE  equ     1120
   500                           	global	_TMR2IE
   501  0461                     _TMR2IE  equ     1121
   502                           	global	_TRISA0
   503  0428                     _TRISA0  equ     1064
   504                           	global	_TRISA1
   505  0429                     _TRISA1  equ     1065
   506                           	global	_TRISA2
   507  042A                     _TRISA2  equ     1066
   508                           	global	_TRISA3
   509  042B                     _TRISA3  equ     1067
   510                           	global	_TRISA4
   511  042C                     _TRISA4  equ     1068
   512                           	global	_TRISA5
   513  042D                     _TRISA5  equ     1069
   514                           	global	_TRISB0
   515  0430                     _TRISB0  equ     1072
   516                           	global	_TRISB1
   517  0431                     _TRISB1  equ     1073
   518                           	global	_TRISB2
   519  0432                     _TRISB2  equ     1074
   520                           	global	_TRISB3
   521  0433                     _TRISB3  equ     1075
   522                           	global	_TRISB4
   523  0434                     _TRISB4  equ     1076
   524                           	global	_TRISB5
   525  0435                     _TRISB5  equ     1077
   526                           	global	_TRISB6
   527  0436                     _TRISB6  equ     1078
   528                           	global	_TRISB7
   529  0437                     _TRISB7  equ     1079
   530                           	global	_TRISC0
   531  0438                     _TRISC0  equ     1080
   532                           	global	_TRISC1
   533  0439                     _TRISC1  equ     1081
   534                           	global	_TRISC2
   535  043A                     _TRISC2  equ     1082
   536                           	global	_TRISC3
   537  043B                     _TRISC3  equ     1083
   538                           	global	_TRISC4
   539  043C                     _TRISC4  equ     1084
   540                           	global	_TRISC5
   541  043D                     _TRISC5  equ     1085
   542                           	global	_TRISC6
   543  043E                     _TRISC6  equ     1086
   544                           	global	_TRISC7
   545  043F                     _TRISC7  equ     1087
   546                           	global	_TRISD0
   547  0440                     _TRISD0  equ     1088
   548                           	global	_TRISD1
   549  0441                     _TRISD1  equ     1089
   550                           	global	_TRISD2
   551  0442                     _TRISD2  equ     1090
   552                           	global	_TRISD3
   553  0443                     _TRISD3  equ     1091
   554                           	global	_TRISD4
   555  0444                     _TRISD4  equ     1092
   556                           	global	_TRISD5
   557  0445                     _TRISD5  equ     1093
   558                           	global	_TRISD6
   559  0446                     _TRISD6  equ     1094
   560                           	global	_TRISD7
   561  0447                     _TRISD7  equ     1095
   562                           	global	_TRISE0
   563  0448                     _TRISE0  equ     1096
   564                           	global	_TRISE1
   565  0449                     _TRISE1  equ     1097
   566                           	global	_TRISE2
   567  044A                     _TRISE2  equ     1098
   568                           	global	_TRMT
   569  04C1                     _TRMT  equ     1217
   570                           	global	_TX9
   571  04C6                     _TX9  equ     1222
   572                           	global	_TX9D
   573  04C0                     _TX9D  equ     1216
   574                           	global	_TXEN
   575  04C5                     _TXEN  equ     1221
   576                           	global	_TXIE
   577  0464                     _TXIE  equ     1124
   578                           	global	_UA
   579  04A1                     _UA  equ     1185
   580                           	global	_EEADR
   581  010D                     _EEADR  equ     269
   582                           	global	_EEADRH
   583  010F                     _EEADRH  equ     271
   584                           	global	_EEADRL
   585  010D                     _EEADRL  equ     269
   586                           	global	_EEDATA
   587  010C                     _EEDATA  equ     268
   588                           	global	_EEDATH
   589  010E                     _EEDATH  equ     270
   590                           	global	_EECON1
   591  018C                     _EECON1  equ     396
   592                           	global	_EECON2
   593  018D                     _EECON2  equ     397
   594                           	global	_EEPGD
   595  0C67                     _EEPGD  equ     3175
   596                           	global	_RD
   597  0C60                     _RD  equ     3168
   598                           	global	_WR
   599  0C61                     _WR  equ     3169
   600                           	global	_WREN
   601  0C62                     _WREN  equ     3170
   602                           	global	_WRERR
   603  0C63                     _WRERR  equ     3171
   604                           	file	"led_shift.as"
   605                           	line	#
   606                           psect cinit,class=CODE,delta=2
   607                           global start_initialization
   608  0755                     start_initialization:
   609                           
   610                           psect cinit,class=CODE,delta=2
   611                           global end_of_initialization
   612                           
   613                           ;End of C runtime variable initationation code
   614                           
   615  0755                     end_of_initialization:
   616  0755  0183               clrf status
   617  0756  120A  118A  2F83   ljmp _main	;jump to C main() function
   618                           psect	cstackCOMMON,class=COMMON,space=1
   619                           global __pcstackCOMMON
   620  0070                     __pcstackCOMMON:
   621                           	global	?__delay_ms
   622  0070                     ?__delay_ms: ;@ 0x0
   623                           	global	??__delay_ms
   624  0070                     ??__delay_ms: ;@ 0x0
   625                           	global	__delay_ms@x
   626  0070                     __delay_ms@x:	; 4 bytes @ 0x0
   627  0070                     	ds	4
   628                           	global	??_main
   629  0074                     ??_main: ;@ 0x4
   630  0074                     	ds	1
   631                           	global	main@i
   632  0075                     main@i:	; 2 bytes @ 0x5
   633  0075                     	ds	2
   634                           	global	?_main
   635  0077                     ?_main: ;@ 0x7
   636                           ;Data sizes: Strings 0, constant 0, data 0, bss 0, persistent 0 stack 0
   637                           ;Auto spaces:   Size  Autos    Used
   638                           ; COMMON          14      7       7
   639                           ; BANK0           80      0       0
   640                           ; BANK1           80      0       0
   641                           ; BANK3           96      0       0
   642                           ; BANK2           96      0       0
   643                           
   644                           
   645                           ;Pointer list with targets:
   646                           
   647                           
   648                           
   649                           ;Main: autosize = 0, tempsize = 1, incstack = 0, save=0
   650                           
   651                           
   652                           ;Call graph:                      Base Space Used Autos Args Refs Density
   653                           ;_main                                                3    0   80   0.00
   654                           ;                                    4 COMMO    3
   655                           ;          __delay_ms
   656                           ;  __delay_ms                                         0    4   10   0.00
   657                           ;                                    0 COMMO    4
   658                           ; Estimated maximum call depth 1
   659                           ; Address spaces:
   660                           
   661                           ;Name               Size   Autos  Total    Cost      Usage
   662                           ;BITCOMMON            E      0       0       0        0.0%
   663                           ;CODE                 0      0       0       0        0.0%
   664                           ;NULL                 0      0       0       0        0.0%
   665                           ;COMMON               E      7       7       1       50.0%
   666                           ;SFR0                 0      0       0       1        0.0%
   667                           ;BITSFR0              0      0       0       1        0.0%
   668                           ;BITSFR1              0      0       0       2        0.0%
   669                           ;SFR1                 0      0       0       2        0.0%
   670                           ;ABS                  0      0       1       2        0.0%
   671                           ;STACK                0      0       0       3        0.0%
   672                           ;BITBANK0            50      0       0       4        0.0%
   673                           ;SFR3                 0      0       0       4        0.0%
   674                           ;BITSFR3              0      0       0       4        0.0%
   675                           ;BANK0               50      0       0       5        0.0%
   676                           ;BITSFR2              0      0       0       5        0.0%
   677                           ;SFR2                 0      0       0       5        0.0%
   678                           ;BITBANK1            50      0       0       6        0.0%
   679                           ;BANK1               50      0       0       7        0.0%
   680                           ;BITBANK3            60      0       0       8        0.0%
   681                           ;BANK3               60      0       0       9        0.0%
   682                           ;BITBANK2            60      0       0      10        0.0%
   683                           ;BANK2               60      0       0      11        0.0%
   684                           ;DATA                 0      0       1      12        0.0%
   685                           ;EEDATA             100      0       0    1000        0.0%
   686                           
   687                           	global	_main
   688                           psect	maintext,local,class=CODE,delta=2
   689                           global __pmaintext
   690  0783                     __pmaintext:
   691                           
   692                           ; *************** function _main *****************
   693                           ; Defined at:
   694                           ;		line 5 in file "C:\Users\Jarvis\Desktop\PIC16f877a_coding\Led_shift\led_shift.c"
   695                           ; Parameters:    Size  Location     Type
   696                           ;		None
   697                           ; Auto vars:     Size  Location     Type
   698                           ;  i               2    5[COMMON] int 
   699                           ; Return value:  Size  Location     Type
   700                           ;                  2    7[COMMON] int 
   701                           ; Registers used:
   702                           ;		wreg, fsr0l, fsr0h, fsr1l, fsr1h, status,2, status,0, btemp+0, btemp+1, btemp+2, btem
                                 p+3, pclath, cstack
   703                           ; Tracked objects:
   704                           ;		On entry : 17F/0
   705                           ;		On exit  : 0/0
   706                           ;		Unchanged: 0/0
   707                           ; Data sizes:     COMMON   BANK0   BANK1   BANK3   BANK2
   708                           ;      Locals:         3       0       0       0       0
   709                           ;      Temp:     1
   710                           ;      Total:    3
   711                           ; This function calls:
   712                           ;		__delay_ms
   713                           ; This function is called by:
   714                           ;		Startup code after reset
   715                           ; This function uses a non-reentrant model
   716                           ; 
   717                           psect	maintext
   718                           	file	"C:\Users\Jarvis\Desktop\PIC16f877a_coding\Led_shift\led_shift.c"
   719                           	line	5
   720                           	global	__size_of_main
   721  007D                     	__size_of_main	equ	__end_of_main-_main
   722                           ;pic168xa.h: 19: volatile unsigned char INDF @ 0x00;
   723                           ;pic168xa.h: 20: volatile unsigned char TMR0 @ 0x01;
   724                           ;pic168xa.h: 21: volatile unsigned char PCL @ 0x02;
   725                           ;pic168xa.h: 22: volatile unsigned char STATUS @ 0x03;
   726                           ;pic168xa.h: 23: unsigned char FSR @ 0x04;
   727                           ;pic168xa.h: 24: volatile unsigned char PORTA @ 0x05;
   728                           ;pic168xa.h: 25: volatile unsigned char PORTB @ 0x06;
   729                           ;pic168xa.h: 26: volatile unsigned char PORTC @ 0x07;
   730                           ;pic168xa.h: 28: volatile unsigned char PORTD @ 0x08;
   731                           ;pic168xa.h: 29: volatile unsigned char PORTE @ 0x09;
   732                           	
   733  0783                     _main:	
   734                           	opt stack 8
   735                           ; Regs used in _main: [allreg]
   736                           	
   737  0783                     l30000368:	
   738                           	
   739  0783                     l30000369:	
   740                           	line	6
   741                           ;led_shift.c: 6: TRISA=0;
   742  0783  1003               	clrc
   743  0784  3000               	movlw	0
   744  0785  1803               	btfsc	status,0
   745  0786  3001               	movlw	1
   746  0787  1683               	bsf	status, 5	;RP0=1, select bank1
   747  0788  1303               	bcf	status, 6	;RP1=0, select bank1
   748  0789  0085               	movwf	(133)^080h	;volatile
   749                           	
   750  078A                     l30000370:	
   751                           	line	7
   752                           ;led_shift.c: 7: TRISB=0;
   753  078A  1003               	clrc
   754  078B  3000               	movlw	0
   755  078C  1803               	btfsc	status,0
   756  078D  3001               	movlw	1
   757  078E  0086               	movwf	(134)^080h	;volatile
   758                           	
   759  078F                     l30000371:	
   760                           	line	8
   761                           ;led_shift.c: 8: TRISC=0;
   762  078F  1003               	clrc
   763  0790  3000               	movlw	0
   764  0791  1803               	btfsc	status,0
   765  0792  3001               	movlw	1
   766  0793  0087               	movwf	(135)^080h	;volatile
   767                           	
   768  0794                     l30000372:	
   769                           	line	9
   770                           ;led_shift.c: 9: TRISD=0;
   771  0794  1003               	clrc
   772  0795  3000               	movlw	0
   773  0796  1803               	btfsc	status,0
   774  0797  3001               	movlw	1
   775  0798  0088               	movwf	(136)^080h	;volatile
   776                           	
   777  0799                     l30000373:	
   778                           	line	11
   779                           ;led_shift.c: 11: TRISE=0;
   780  0799  1003               	clrc
   781  079A  3000               	movlw	0
   782  079B  1803               	btfsc	status,0
   783  079C  3001               	movlw	1
   784  079D  0089               	movwf	(137)^080h	;volatile
   785                           	
   786  079E                     l30000374:	
   787                           	line	14
   788                           ;led_shift.c: 13: {
   789                           ;led_shift.c: 14: for(i=0;i<8;i++)
   790  079E  3000               	movlw	low(0)
   791  079F  00F5               	movwf	(main@i)
   792  07A0  3000               	movlw	high(0)
   793  07A1  00F6               	movwf	((main@i))+1
   794                           	
   795  07A2                     l30000375:	
   796  07A2  0876               	movf	(main@i+1),w
   797  07A3  3A80               	xorlw	80h
   798  07A4  00F4               	movwf	(??_main+0+0)
   799  07A5  3080               	movlw	(high(08h))^80h
   800  07A6  0274               	subwf	(??_main+0+0),w
   801  07A7  1D03               	skipz
   802  07A8  2FAB               	goto	u15
   803  07A9  3008               	movlw	low(08h)
   804  07AA  0275               	subwf	(main@i),w
   805  07AB                     u15:
   806                           
   807  07AB  1C03               	skipc
   808  07AC  2FAE               	goto	u11
   809  07AD  2FAF               	goto	u10
   810  07AE                     u11:
   811  07AE  2FB0               	goto	l30000377
   812  07AF                     u10:
   813  07AF  2F9E               	goto	l30000374
   814                           	
   815  07B0                     l30000377:	
   816                           	line	16
   817                           ;led_shift.c: 15: {
   818                           ;led_shift.c: 16: PORTA=1<<i;
   819  07B0  3001               	movlw	(01h)
   820  07B1  00F4               	movwf	(??_main+0+0)
   821  07B2  0A75               	incf	(main@i),w
   822  07B3  2FB6               	goto	u24
   823  07B4                     u25:
   824  07B4  1003               	clrc
   825  07B5  0DF4               	rlf	(??_main+0+0),f
   826  07B6                     u24:
   827  07B6  3EFF               	addlw	-1
   828  07B7  1D03               	skipz
   829  07B8  2FB4               	goto	u25
   830  07B9  0874               	movf	0+(??_main+0+0),w
   831  07BA  1283               	bcf	status, 5	;RP0=0, select bank0
   832  07BB  1303               	bcf	status, 6	;RP1=0, select bank0
   833  07BC  0085               	movwf	(5)	;volatile
   834                           	line	17
   835                           ;led_shift.c: 17: PORTB=1<<i;
   836  07BD  3001               	movlw	(01h)
   837  07BE  00F4               	movwf	(??_main+0+0)
   838  07BF  0A75               	incf	(main@i),w
   839  07C0  2FC3               	goto	u34
   840  07C1                     u35:
   841  07C1  1003               	clrc
   842  07C2  0DF4               	rlf	(??_main+0+0),f
   843  07C3                     u34:
   844  07C3  3EFF               	addlw	-1
   845  07C4  1D03               	skipz
   846  07C5  2FC1               	goto	u35
   847  07C6  0874               	movf	0+(??_main+0+0),w
   848  07C7  0086               	movwf	(6)	;volatile
   849                           	line	18
   850                           ;led_shift.c: 18: PORTC=1<<i;
   851  07C8  3001               	movlw	(01h)
   852  07C9  00F4               	movwf	(??_main+0+0)
   853  07CA  0A75               	incf	(main@i),w
   854  07CB  2FCE               	goto	u44
   855  07CC                     u45:
   856  07CC  1003               	clrc
   857  07CD  0DF4               	rlf	(??_main+0+0),f
   858  07CE                     u44:
   859  07CE  3EFF               	addlw	-1
   860  07CF  1D03               	skipz
   861  07D0  2FCC               	goto	u45
   862  07D1  0874               	movf	0+(??_main+0+0),w
   863  07D2  0087               	movwf	(7)	;volatile
   864                           	line	19
   865                           ;led_shift.c: 19: PORTD=1<<i;
   866  07D3  3001               	movlw	(01h)
   867  07D4  00F4               	movwf	(??_main+0+0)
   868  07D5  0A75               	incf	(main@i),w
   869  07D6  2FD9               	goto	u54
   870  07D7                     u55:
   871  07D7  1003               	clrc
   872  07D8  0DF4               	rlf	(??_main+0+0),f
   873  07D9                     u54:
   874  07D9  3EFF               	addlw	-1
   875  07DA  1D03               	skipz
   876  07DB  2FD7               	goto	u55
   877  07DC  0874               	movf	0+(??_main+0+0),w
   878  07DD  0088               	movwf	(8)	;volatile
   879                           	line	20
   880                           ;led_shift.c: 20: PORTE=1<<i;
   881  07DE  3001               	movlw	(01h)
   882  07DF  00F4               	movwf	(??_main+0+0)
   883  07E0  0A75               	incf	(main@i),w
   884  07E1  2FE4               	goto	u64
   885  07E2                     u65:
   886  07E2  1003               	clrc
   887  07E3  0DF4               	rlf	(??_main+0+0),f
   888  07E4                     u64:
   889  07E4  3EFF               	addlw	-1
   890  07E5  1D03               	skipz
   891  07E6  2FE2               	goto	u65
   892  07E7  0874               	movf	0+(??_main+0+0),w
   893  07E8  0089               	movwf	(9)	;volatile
   894                           	
   895  07E9                     l30000378:	
   896                           	line	21
   897                           ;led_shift.c: 21: _delay_ms(10000);
   898  07E9  3000               	movlw	0
   899  07EA  00F3               	movwf	(?__delay_ms+3)
   900  07EB  3000               	movlw	0
   901  07EC  00F2               	movwf	(?__delay_ms+2)
   902  07ED  3027               	movlw	027h
   903  07EE  00F1               	movwf	(?__delay_ms+1)
   904  07EF  3010               	movlw	010h
   905  07F0  00F0               	movwf	(?__delay_ms)
   906                           
   907  07F1  120A  118A  2759   	fcall	__delay_ms
              120A  118A         
   908                           	
   909  07F6                     l30000379:	
   910                           	line	14
   911  07F6  3001               	movlw	low(01h)
   912  07F7  07F5               	addwf	(main@i),f
   913  07F8  1803               	skipnc
   914  07F9  0AF6               	incf	(main@i+1),f
   915  07FA  3000               	movlw	high(01h)
   916  07FB  07F6               	addwf	(main@i+1),f
   917  07FC  2FA2               	goto	l30000375
   918                           	global	start
   919  07FD  120A  118A  2800   	ljmp	start
   920                           	opt stack 0
   921                           GLOBAL	__end_of_main
   922  0800                     	__end_of_main:
   923                           ; =============== function _main ends ============
   924                           
   925                           psect	maintext
   926                           	line	24
   927                           	signat	_main,90
   928                           	global	__delay_ms
   929                           psect	text7,local,class=CODE,delta=2
   930                           global __ptext7
   931  0759                     __ptext7:
   932                           
   933                           ; *************** function __delay_ms *****************
   934                           ; Defined at:
   935                           ;		line 26 in file "C:\Users\Jarvis\Desktop\PIC16f877a_coding\Led_shift\led_shift.c"
   936                           ; Parameters:    Size  Location     Type
   937                           ;  x               4    0[COMMON] long 
   938                           ; Auto vars:     Size  Location     Type
   939                           ;		None
   940                           ; Return value:  Size  Location     Type
   941                           ;		None               void
   942                           ; Registers used:
   943                           ;		wreg
   944                           ; Tracked objects:
   945                           ;		On entry : 0/0
   946                           ;		On exit  : 0/0
   947                           ;		Unchanged: 0/0
   948                           ; Data sizes:     COMMON   BANK0   BANK1   BANK3   BANK2
   949                           ;      Locals:         4       0       0       0       0
   950                           ;      Temp:     0
   951                           ;      Total:    4
   952                           ; This function calls:
   953                           ;		Nothing
   954                           ; This function is called by:
   955                           ;		_main
   956                           ; This function uses a non-reentrant model
   957                           ; 
   958                           psect	text7
   959                           	file	"C:\Users\Jarvis\Desktop\PIC16f877a_coding\Led_shift\led_shift.c"
   960                           	line	26
   961                           	global	__size_of__delay_ms
   962  002A                     	__size_of__delay_ms	equ	__end_of__delay_ms-__delay_ms
   963                           ;led_shift.c: 25: void _delay_ms(long int x)
   964                           ;led_shift.c: 26: {
   965                           	
   966  0759                     __delay_ms:	
   967                           	opt stack 7
   968                           ; Regs used in __delay_ms: [wreg]
   969                           	
   970  0759                     l30000381:	
   971                           	
   972  0759                     l30000382:	
   973                           	line	27
   974  0759  30FF               	movlw	0FFh
   975  075A  07F0               	addwf	(__delay_ms@x),f
   976  075B  30FF               	movlw	0FFh
   977  075C  1103               	clrz
   978  075D  1803               	skipnc
   979  075E  3E01               	addlw	1
   980  075F  1903               	skipnz
   981  0760  2F62               	goto	u71
   982  0761  07F1               	addwf	(__delay_ms@x+1),f
   983  0762                     u71:
   984  0762  30FF               	movlw	0FFh
   985  0763  1103               	clrz
   986  0764  1803               	skipnc
   987  0765  3E01               	addlw	1
   988  0766  1903               	skipnz
   989  0767  2F69               	goto	u72
   990  0768  07F2               	addwf	(__delay_ms@x+2),f
   991  0769                     u72:
   992  0769  30FF               	movlw	0FFh
   993  076A  1103               	clrz
   994  076B  1803               	skipnc
   995  076C  3E01               	addlw	1
   996  076D  1903               	skipnz
   997  076E  2F70               	goto	u73
   998  076F  07F3               	addwf	(__delay_ms@x+3),f
   999  0770                     u73:
  1000                           
  1001  0770  30FF               	movlw	0FFh
  1002  0771  0673               	xorwf	((__delay_ms@x+3))&07fh,w
  1003  0772  1D03               	skipz
  1004  0773  2F7E               	goto	u85
  1005  0774  30FF               	movlw	0FFh
  1006  0775  0672               	xorwf	((__delay_ms@x+2))&07fh,w
  1007  0776  1D03               	skipz
  1008  0777  2F7E               	goto	u85
  1009  0778  30FF               	movlw	0FFh
  1010  0779  0671               	xorwf	((__delay_ms@x+1))&07fh,w
  1011  077A  1D03               	skipz
  1012  077B  2F7E               	goto	u85
  1013  077C  30FF               	movlw	0FFh
  1014  077D  0670               	xorwf	((__delay_ms@x))&07fh,w
  1015  077E                     u85:
  1016  077E  1D03               	skipz
  1017  077F  2F81               	goto	u81
  1018  0780  2F82               	goto	u80
  1019  0781                     u81:
  1020  0781  2F59               	goto	l30000382
  1021  0782                     u80:
  1022                           	
  1023  0782                     l8:	
  1024  0782  0008               	return
  1025                           	opt stack 0
  1026                           GLOBAL	__end_of__delay_ms
  1027  0783                     	__end_of__delay_ms:
  1028                           ; =============== function __delay_ms ends ============
  1029                           
  1030                           psect	text8,local,class=CODE,delta=2
  1031                           global __ptext8
  1032  0003                     __ptext8:


HI-TECH Software PICC Macro Assembler V9.70 build 5239 
Symbol Table                                                                                   Wed Oct 05 00:51:26 2016

                   l8 0782                    _DA 04A5                    _BF 04A0                    _DC 0019  
                  _PD 001B                    _RD 0C60                    u10 07AF                    u11 07AE  
                  _UA 04A1                    u15 07AB                    u24 07B6                    u25 07B4  
                  u34 07C3                    u35 07C1                    u44 07CE                    u45 07CC  
                  u54 07D9                    u71 0762                    u55 07D7                    _TO 001C  
                  u80 0782                    u72 0769                    u64 07E4                    u81 0781  
                  u73 0770                    u65 07E2                    _RW 04A2                    u85 077E  
                  _WR 0C61                   _CM0 04E0                   _CM1 04E1                   _CM2 04E2  
                 _CKE 04A6                   _IBF 044F                   _CIS 04E3                   _CKP 00A4  
                 _GIE 005F                   _BOR 0470                   _RA0 0028                   _RA1 0029  
                 _RB0 0030                   _RA2 002A                   _RB1 0031                   _RA3 002B  
                 _RC0 0038                   _RB2 0032                   _RA4 002C                   _RC1 0039  
                 _RB3 0033                   _RA5 002D                   _RD0 0040                   _RC2 003A  
                 _RB4 0034                   _RD1 0041                   _RC3 003B                   _RB5 0035  
                 _RE0 0048                   _RD2 0042                   _RC4 003C                   _RB6 0036  
                 _RE1 0049                   _RD3 0043                   _RC5 003D                   _RB7 0037  
                 _RE2 004A                   _RD4 0044                   _RC6 003E                   _RD5 0045  
                 _RC7 003F                   _OBF 044E                   _RD6 0046                   _RD7 0047  
                 _FSR 0004                   _PCL 0002                   _PS0 0408                   _PR2 0092  
                 _PS1 0409                   _PS2 040A                   _PEN 048A                   _RP0 001D  
                 _IRP 001F                   _RP1 001E                   _SEN 0488                   _PSA 040B  
                 _POR 0471                   _RX9 00C6                   _SMP 04A7                   _TX9 04C6  
                _ADIE 0466                  _ADIF 0066                  _ADFM 04FF                  _ADGO 00FA  
                _ADON 00F8                  _CHS0 00FB                  _CHS1 00FC                  _CHS2 00FD  
                _EEIE 046C                  _EEIF 006C                  _GCEN 048F                  _CMIE 046E  
                _CMIF 006E                  _BRGH 04C2                  _T0IE 005D                  _T0IF 005A  
                _CREN 00C4                  _T0CS 040D                  _FERR 00C2                  _IBOV 044D  
                _CVR0 04E8                  _CVR1 04E9                  _CVR2 04EA                  _CVR3 04EB  
                _T0SE 040C                  _CSRC 04C7                  _INDF 0000                  _PIE1 008C  
                _PIE2 008D                  _CVRR 04ED                  _PEIE 005E                  _INTE 005C  
                _INTF 0059                  _RBIE 005B                  _RBIF 0058                  _RCIE 0465  
                _RCEN 048B                  _RCIF 0065                  _PCON 008E                  _PIR1 000C  
                _PIR2 000D                  _OERR 00C1                  _RBPU 040F                  _RX9D 00C0  
                _TMR0 0001                  _TMR2 0011                  _WCOL 00A7                  _SPEN 00C7  
                _RSEN 0489                  _TX9D 04C0                  _SREN 00C5                  _TRMT 04C1  
                _STOP 04A4                  _TXIE 0464                  _ZERO 001A                  _WREN 0C62  
                _TXEN 04C5                  _TXIF 0064                  _SYNC 04C4             __delay_ms 0759  
   __end_of__delay_ms 0783                  _main 0783            ?__delay_ms 0070                  start 0000  
 start_initialization 0755           ??__delay_ms 0070               _CCP1CON 0017               _CCP2CON 001D  
             _ACKSTAT 048E                 _C1INV 04E4                 _C2INV 04E5                 _C1OUT 04E6  
               _C2OUT 04E7                 _ADCS0 00FE                 _ADCS1 00FF                 _ADCS2 04FE  
               _ADDEN 00C3                 ?_main 0077                 _ACKEN 048C                 _ACKDT 048D  
               _BCLIE 046B                 _BCLIF 006B                 _CCP1X 00BD                 _CCP1Y 00BC  
               _CCP2X 00ED                 _CCP2Y 00EC                 _EEADR 010D                 _CARRY 0018  
               _EEPGD 0C67                 _CMCON 009C                 _T1CON 0010                 _T2CON 0012  
             _T1CKPS0 0084               _T1CKPS1 0085                 _PCFG0 04F8                 _PCFG1 04F9  
               _PCFG2 04FA                 _PCFG3 04FB               _T2CKPS0 0090               _T2CKPS1 0091  
               _CVREN 04EF                 _CVROE 04EE                 _RCREG 001A                 _RCSTA 0018  
               _TMR1H 000F                 _TMR1L 000E                 _SPBRG 0099                 _PORTA 0005  
               _PORTB 0006               _T1OSCEN 0083                 _PORTC 0007                 _PORTD 0008  
               _PORTE 0009                 _PSPIE 0467                 _PSPIF 0067                 _START 04A3  
               _SSPM0 00A0                 _SSPM1 00A1                 _SSPM2 00A2                 _SSPM3 00A3  
               _TRISA 0085                 _TRISB 0086                 _TRISC 0087                 _TRISD 0088  
               _SSPIE 0463                 _TRISE 0089                 _SSPIF 0063                 _SSPEN 00A5  
               _SSPOV 00A6                 _WRERR 0C63                 _TXREG 0019                 _TXSTA 0098  
      __pcstackCOMMON 0070               _PSPMODE 044C               _SSPCON2 0091                 main@i 0075  
             _SSPSTAT 0094               _TOUTPS0 0093               _TOUTPS1 0094               _TOUTPS2 0095  
             _TOUTPS3 0096                 status 0003    __size_of__delay_ms 002A         __size_of_main 007D  
            l30000370 078A              l30000371 078F              l30000372 0794              l30000381 0759  
            l30000373 0799              l30000382 0759              l30000374 079E              l30000375 07A2  
            l30000368 0783              l30000377 07B0              l30000369 0783              l30000378 07E9  
            l30000379 07F6                ??_main 0074               __ptext6 0003               __ptext7 0759  
             __ptext8 0003            __pmaintext 0783                _ADCON0 001F                _ADCON1 009F  
              _CCP1M0 00B8                _CCP1M1 00B9                _CCP1M2 00BA                _CCP1M3 00BB  
              _CCP2M0 00E8                _CCP2M1 00E9                _CCP2M2 00EA                _CCP2M3 00EB  
              _CCP1IE 0462                _CCP1IF 0062                _CCP2IE 0468                _CCP2IF 0068  
              _ADRESH 001E                _EEADRH 010F                _ADRESL 009E                _EEADRL 010D  
              _EEDATA 010C                _CCPR1H 0016                _EEDATH 010E                _CCPR2H 001C  
              _CCPR1L 0015                _CCPR2L 001B                _EECON1 018C                _EECON2 018D  
        __end_of_main 0800                _GODONE 00FA  end_of_initialization 0755                _CVRCON 009D  
              _T1SYNC 0082                _INTEDG 040E                _PCLATH 000A                _INTCON 000B  
              _TMR0IE 005D                _TMR0IF 005A                _TMR1IE 0460                _TMR1IF 0060  
              _TMR1CS 0081                _TMR2IE 0461                _TMR2IF 0061                _OPTION 0081  
              _TMR1ON 0080                _TMR2ON 0092                _SSPADD 0093                _TRISA0 0428  
              _TRISA1 0429                _TRISB0 0430                _TRISA2 042A                _TRISB1 0431  
              _TRISA3 042B                _TRISC0 0438                _TRISB2 0432                _TRISA4 042C  
              _TRISC1 0439                _TRISB3 0433                _TRISA5 042D                _TRISD0 0440  
              _TRISC2 043A                _TRISB4 0434                _TRISD1 0441                _TRISC3 043B  
              _TRISB5 0435                _TRISE0 0448                _TRISD2 0442                _TRISC4 043C  
              _TRISB6 0436                _TRISE1 0449                _TRISD3 0443                _TRISC5 043D  
              _TRISB7 0437                _TRISE2 044A                _TRISD4 0444                _TRISC6 043E  
              _TRISD5 0445                _TRISC7 043F                _TRISD6 0446                _TRISD7 0447  
              _STATUS 0003                _SSPCON 0014                _SSPBUF 0013           __delay_ms@x 0070  
