

HI-TECH Software PIC Macro Assembler V9.70 build 5239 
                                                      Wed Oct 12 07:09:52 2016


     1                           
     2                           	; HI-TECH C Compiler for PIC10/12/16 MCUs V9.7
                                 0
     3                           	; Copyright (C) 1984-2009 HI-TECH Software
     4                           
     5                           	; Auto-generated runtime startup code for fina
                                 l link stage.
     6                           
     7                           	;
     8                           	; Compiler options:
     9                           	;
    10                           	; -ousart_slave.cof -musart_slave.map --summar
                                 y=default \
    11                           	; --output=default usart_slave.p1 --chip=16F87
                                 7A -P --runtime=default \
    12                           	; --opt=default -D__DEBUG=1 -g --asmlist \
    13                           	; --errformat=Error   [%n] %f; %l.%c %s --msgf
                                 ormat=Advisory[%n] %s \
    14                           	; --warnformat=Warning [%n] %f; %l.%c %s
    15                           	;
    16                           
    17                           
    18                           	processor	16F877A
    19                           
    20                           	global	_main,start,_exit,reset_vec
    21                           	fnroot	_main
    22                           	psect	config,class=CONFIG,delta=2
    23                           	psect	idloc,class=IDLOC,delta=2
    24                           	psect	temp,ovrld,class=BANK0,space=1
    25                           	psect	struct,ovrld,class=BANK0,space=1
    26                           	psect	code,class=CODE,delta=2
    27                           	psect	ptbit_0,class=BANK0,bit,space=1
    28                           	psect	powerup,class=CODE,delta=2
    29                           	psect	reset_vec,class=CODE,delta=2
    30                           	psect	maintext,class=CODE,delta=2
    31  0000                     	C	set	0
    32  0002                     	Z	set	2
    33  0002                     	PCL	set	2
    34  0000                     	INDF	set	0
    35                           
    36  0003                     	STATUS	equ	3
    37  000A                     	PCLATH	equ	0Ah
    38                           
    39                           	psect	eeprom_data,class=EEDATA,delta=2,space=2
    40                           	psect	intentry,class=CODE,delta=2
    41                           	global	intlevel0,intlevel1,intlevel2, intlevel
                                 3, intlevel4, intlevel5
    42  0000                     intlevel0:
    43  0000                     intlevel1:
    44  0000                     intlevel2:
    45  0000                     intlevel3:
    46  0000                     intlevel4:
    47  0000                     intlevel5:
    48                           	psect	intsave,class=BANK0,space=1
    49                           	psect	init,class=CODE,delta=2
    50                           	psect	cinit,class=CODE,delta=2
    51                           	psect	text,class=CODE,delta=2
    52                           	psect	end_init,class=CODE,delta=2
    53                           	psect	clrtext,class=CODE,delta=2
    54  0004                     	FSR	set	4
    55                           	psect	strings,class=CODE,delta=2,reloc=256
    56                           
    57                           	psect	reset_vec
    58  0000                     reset_vec:
    59                           	; No powerup routine
    60                           	; No interrupt routine
    61                           
    62                           
    63                           	psect	init
    64  0000                     start
    65  0000                     _exit
    66                           	psect	end_init
    67                           	global start_initialization
    68  0000  120A  118A  2EF5   	ljmp start_initialization	;jump to C runtime c
                                 lear & initialization


HI-TECH Software PICC Macro Assembler V9.70 build 5239 
Symbol Table                                          Wed Oct 12 07:09:52 2016

               _main 0714                 _exit 0000  
               start 0000  start_initialization 06F5  
           intlevel0 0000             intlevel1 0000  
           intlevel2 0000             intlevel3 0000  
           intlevel4 0000             intlevel5 0000  
           reset_vec 0000  
